2025-05-20 15:00:46,029 - asakk.auth - DEBUG - Попытка входа: 2
2025-05-20 15:00:46,820 - asakk.auth - INFO - Пользователь вошёл: 2 (Manager)
2025-05-20 15:00:47,108 - matplotlib - DEBUG - matplotlib data path: C:\Users\Admin\AppData\Local\Programs\Python\Python313\Lib\site-packages\matplotlib\mpl-data
2025-05-20 15:00:47,122 - matplotlib - DEBUG - CONFIGDIR=C:\Users\Admin\.matplotlib
2025-05-20 15:00:47,123 - matplotlib - DEBUG - interactive is False
2025-05-20 15:00:47,123 - matplotlib - DEBUG - platform is win32
2025-05-20 15:00:47,173 - matplotlib - DEBUG - CACHEDIR=C:\Users\Admin\.matplotlib
2025-05-20 15:00:47,175 - matplotlib.font_manager - DEBUG - Using fontManager instance from C:\Users\Admin\.matplotlib\fontlist-v390.json
2025-05-20 15:05:12,879 - asakk.auth - DEBUG - Попытка входа: 2
2025-05-20 15:05:13,488 - asakk.auth - INFO - Пользователь вошёл: 2 (Manager)
2025-05-20 15:05:13,687 - matplotlib - DEBUG - matplotlib data path: C:\Users\Admin\AppData\Local\Programs\Python\Python313\Lib\site-packages\matplotlib\mpl-data
2025-05-20 15:05:13,694 - matplotlib - DEBUG - CONFIGDIR=C:\Users\Admin\.matplotlib
2025-05-20 15:05:13,698 - matplotlib - DEBUG - interactive is False
2025-05-20 15:05:13,698 - matplotlib - DEBUG - platform is win32
2025-05-20 15:05:13,736 - matplotlib - DEBUG - CACHEDIR=C:\Users\Admin\.matplotlib
2025-05-20 15:05:13,738 - matplotlib.font_manager - DEBUG - Using fontManager instance from C:\Users\Admin\.matplotlib\fontlist-v390.json
2025-05-20 15:07:01,588 - matplotlib - DEBUG - matplotlib data path: C:\Users\Admin\AppData\Local\Programs\Python\Python313\Lib\site-packages\matplotlib\mpl-data
2025-05-20 15:07:01,596 - matplotlib - DEBUG - CONFIGDIR=C:\Users\Admin\.matplotlib
2025-05-20 15:07:01,597 - matplotlib - DEBUG - interactive is False
2025-05-20 15:07:01,597 - matplotlib - DEBUG - platform is win32
2025-05-20 15:07:01,637 - matplotlib - DEBUG - CACHEDIR=C:\Users\Admin\.matplotlib
2025-05-20 15:07:01,638 - matplotlib.font_manager - DEBUG - Using fontManager instance from C:\Users\Admin\.matplotlib\fontlist-v390.json
2025-05-20 15:10:14,891 - DEBUG - Попытка входа: 1
2025-05-20 15:10:15,522 - INFO - Пользователь вошёл: 1 (Admin)
2025-05-20 15:12:21,938 - DEBUG - Попытка входа: 1
2025-05-20 15:12:22,581 - INFO - Пользователь вошёл: 1 (Admin)
2025-05-20 15:17:02,416 - DEBUG - Попытка входа: 1
2025-05-20 15:17:03,075 - INFO - Пользователь вошёл: 1 (Admin)
2025-05-20 15:17:05,853 - DEBUG - Удаление пользователя с ID: 7
2025-05-20 15:17:05,853 - DEBUG - Удаление пользователя ID=7
2025-05-20 15:17:06,756 - INFO - Пользователь ID=7 удален
2025-05-20 15:17:26,762 - DEBUG - Попытка входа: 1
2025-05-20 15:17:27,399 - INFO - Пользователь вошёл: 1 (Admin)
2025-05-20 15:17:36,103 - DEBUG - Удаление пользователя с ID: 7
2025-05-20 15:17:36,103 - DEBUG - Удаление пользователя ID=7
2025-05-20 15:17:36,967 - INFO - Пользователь ID=7 удален
2025-05-20 15:17:40,978 - DEBUG - Удаление пользователя с ID: 7
2025-05-20 15:17:40,978 - DEBUG - Удаление пользователя ID=7
2025-05-20 15:17:41,839 - INFO - Пользователь ID=7 удален
2025-05-20 15:39:45,134 - DEBUG - Попытка входа: 2
2025-05-20 15:39:45,770 - INFO - Пользователь вошёл: 2 (Manager)
2025-05-20 15:39:58,571 - DEBUG - Попытка входа: 3
2025-05-20 15:39:59,207 - WARNING - Неверный логин или SSH-ключ
2025-05-20 15:40:17,695 - DEBUG - Попытка входа: 1
2025-05-20 15:40:18,329 - INFO - Пользователь вошёл: 1 (Admin)
2025-05-20 15:40:23,568 - DEBUG - Добавление пользователя: 3, роль: Employee
2025-05-20 15:40:24,261 - INFO - Пользователь 3 успешно добавлен
2025-05-20 15:40:31,009 - DEBUG - Удаление пользователя с ID: 7
2025-05-20 15:40:31,009 - DEBUG - Удаление пользователя ID=7
2025-05-20 15:40:31,863 - INFO - Пользователь ID=7 удален
2025-05-20 15:55:50,220 - DEBUG - Попытка входа: 1
2025-05-20 15:55:50,845 - INFO - Пользователь вошёл: 1 (Admin)
2025-05-20 15:57:33,318 - DEBUG - Попытка входа: 1
2025-05-20 15:57:33,952 - INFO - Пользователь вошёл: 1 (Admin)
2025-05-20 16:04:38,972 - DEBUG - Попытка входа: 1
2025-05-20 16:04:39,619 - INFO - Пользователь вошёл: 1 (Admin)
2025-05-20 16:04:56,688 - DEBUG - Попытка входа: 1
2025-05-20 16:04:57,305 - INFO - Пользователь вошёл: 1 (Admin)
2025-05-20 16:05:56,793 - DEBUG - Попытка входа: 1
2025-05-20 16:05:57,405 - INFO - Пользователь вошёл: 1 (Admin)
2025-05-20 16:06:04,655 - DEBUG - Удаление пользователя ID=7
2025-05-20 16:06:05,511 - INFO - Пользователь ID=7 удален
2025-05-20 16:06:14,388 - DEBUG - Удаление пользователя ID=7
2025-05-20 16:06:15,254 - INFO - Пользователь ID=7 удален
2025-05-20 16:06:35,285 - DEBUG - Удаление пользователя ID=7
2025-05-20 16:06:36,149 - INFO - Пользователь ID=7 удален
2025-05-20 16:06:47,199 - DEBUG - Удаление пользователя ID=1
2025-05-20 16:06:48,096 - INFO - Пользователь ID=1 удален
2025-05-20 16:09:16,394 - DEBUG - Попытка входа: 1
2025-05-20 16:09:17,016 - INFO - Пользователь вошёл: 1 (Admin)
2025-05-20 16:09:30,254 - DEBUG - Удаление пользователя ID=9
2025-05-20 16:09:31,158 - INFO - Пользователь ID=9 удален
2025-05-29 00:08:52,008 - DEBUG - Попытка входа: 2
2025-05-29 00:08:52,796 - INFO - Пользователь вошёл: 2 (Manager)
2025-05-29 00:12:24,647 - DEBUG - Попытка входа: 2
2025-05-29 00:12:25,299 - INFO - Пользователь вошёл: 2 (Manager)
2025-05-29 00:13:07,124 - DEBUG - Попытка входа: 2
2025-05-29 00:13:07,755 - INFO - Пользователь вошёл: 2 (Manager)
2025-05-29 00:13:55,830 - DEBUG - Попытка входа: 2
2025-05-29 00:13:56,445 - INFO - Пользователь вошёл: 2 (Manager)
2025-05-29 00:14:19,073 - DEBUG - Попытка входа: 2
2025-05-29 00:14:19,708 - INFO - Пользователь вошёл: 2 (Manager)
2025-05-29 00:14:42,759 - DEBUG - Попытка входа: 2
2025-05-29 00:14:43,679 - INFO - Пользователь вошёл: 2 (Manager)
2025-05-29 14:29:29,014 - DEBUG - Попытка входа: 2
2025-05-29 14:29:29,788 - INFO - Пользователь вошёл: 2 (Manager)
2025-05-29 14:46:35,261 - DEBUG - Попытка входа: 2
2025-05-29 14:46:35,836 - INFO - Пользователь вошёл: 2 (Manager)
2025-05-29 15:21:51,917 - DEBUG - Попытка входа: 2
2025-05-29 15:21:52,574 - INFO - Пользователь вошёл: 2 (Manager)
2025-05-29 16:00:26,433 - DEBUG - Попытка входа: 2
2025-05-29 16:00:27,072 - INFO - Пользователь вошёл: 2 (Manager)
2025-05-29 16:00:54,805 - DEBUG - Попытка входа: 2
2025-05-29 16:00:55,422 - INFO - Пользователь вошёл: 2 (Manager)
2025-05-29 16:03:50,228 - DEBUG - Попытка входа: 2
2025-05-29 16:03:50,846 - INFO - Пользователь вошёл: 2 (Manager)
2025-05-29 16:04:43,216 - DEBUG - Попытка входа: 2
2025-05-29 16:04:43,838 - INFO - Пользователь вошёл: 2 (Manager)
2025-05-29 16:46:18,451 - DEBUG - Попытка входа: 2
2025-05-29 16:46:19,093 - INFO - Пользователь вошёл: 2 (Manager)
2025-05-29 16:48:42,070 - DEBUG - Попытка входа: 2
2025-05-29 16:48:42,737 - INFO - Пользователь вошёл: 2 (Manager)
2025-05-29 16:53:54,989 - DEBUG - Попытка входа: 2
2025-05-29 16:53:55,613 - INFO - Пользователь вошёл: 2 (Manager)
2025-05-29 16:54:32,758 - DEBUG - Попытка входа: 2
2025-05-29 16:54:33,379 - INFO - Пользователь вошёл: 2 (Manager)
2025-05-29 16:54:54,228 - DEBUG - Попытка входа: 2
2025-05-29 16:54:54,879 - INFO - Пользователь вошёл: 2 (Manager)
2025-05-29 17:06:10,936 - DEBUG - Попытка входа: 3
2025-05-29 17:06:11,574 - INFO - Пользователь вошёл: 3 (Employee)
2025-05-29 17:06:13,176 - DEBUG - Запрос категорий из БД
2025-05-29 17:06:13,790 - INFO - Категории загружены: ['Работа и личная жизнь', 'Ценности', 'Коммуникации', 'Инновации', 'Лидерство', 'Values', 'Работа в команде']
2025-05-29 17:16:09,961 - DEBUG - Попытка входа: 3
2025-05-29 17:16:10,886 - INFO - Пользователь вошёл: 3 (Employee)
2025-05-29 17:16:50,287 - DEBUG - Попытка входа: 3
2025-05-29 17:16:50,906 - INFO - Пользователь вошёл: 3 (Employee)
2025-05-29 17:17:26,309 - DEBUG - Попытка входа: 3
2025-05-29 17:17:26,925 - INFO - Пользователь вошёл: 3 (Employee)
2025-05-29 17:19:20,740 - DEBUG - Попытка входа: 3
2025-05-29 17:19:21,381 - INFO - Пользователь вошёл: 3 (Employee)
2025-05-29 17:19:22,570 - DEBUG - Запрос категорий из БД
2025-05-29 17:19:23,171 - INFO - Категории загружены: ['Работа и личная жизнь', 'Ценности', 'Коммуникации', 'Инновации', 'Лидерство', 'Values', 'Работа в команде']
